[
{"keyword": "Feature", "name": "login", "tags": [], "location": "features/login.feature:2", "status": "failed", "elements": [{"type": "scenario", "keyword": "Scenario", "name": "login", "tags": ["GLSWW-1603"], "location": "features/login.feature:6", "steps": [{"keyword": "Given", "step_type": "given", "name": "I navigate to the URL", "location": "features/login.feature:7", "match": {"location": "features/steps/login_steps.py:5", "arguments": []}, "result": {"status": "passed", "duration": 110.57553482055664}}, {"keyword": "When", "step_type": "when", "name": "I login to the application", "location": "features/login.feature:8", "match": {"location": "features/steps/login_steps.py:10", "arguments": []}, "result": {"status": "failed", "duration": 31.003143548965454, "error_message": ["Traceback (most recent call last):", "  File \"d:\\users\\h305248\\pycharmprojects\\untitled1\\venv\\lib\\site-packages\\behave\\model.py\", line 1329, in run", "    match.run(runner.context)", "  File \"d:\\users\\h305248\\pycharmprojects\\untitled1\\venv\\lib\\site-packages\\behave\\matchers.py\", line 98, in run", "    self.func(context, *args, **kwargs)", "  File \"features\\steps\\login_steps.py\", line 24, in step_impl", "    context.browser.find_element_by_xpath(\"//*[@id='i0116']\").send_keys(Keys.TAB)", "  File \"d:\\users\\h305248\\pycharmprojects\\untitled1\\venv\\lib\\site-packages\\selenium\\webdriver\\remote\\webdriver.py\", line 394, in find_element_by_xpath", "    return self.find_element(by=By.XPATH, value=xpath)", "  File \"d:\\users\\h305248\\pycharmprojects\\untitled1\\venv\\lib\\site-packages\\selenium\\webdriver\\remote\\webdriver.py\", line 978, in find_element", "    'value': value})['value']", "  File \"d:\\users\\h305248\\pycharmprojects\\untitled1\\venv\\lib\\site-packages\\selenium\\webdriver\\remote\\webdriver.py\", line 321, in execute", "    self.error_handler.check_response(response)", "  File \"d:\\users\\h305248\\pycharmprojects\\untitled1\\venv\\lib\\site-packages\\selenium\\webdriver\\remote\\errorhandler.py\", line 242, in check_response", "    raise exception_class(message, screen, stacktrace)", "selenium.common.exceptions.NoSuchElementException: Message: no such element: Unable to locate element: {\"method\":\"xpath\",\"selector\":\"//*[@id='i0116']\"}", "  (Session info: chrome=72.0.3626.96)", "  (Driver info: chromedriver=2.45.615291 (ec3682e3c9061c10f26ea9e5cdcf3c53f3f74387),platform=Windows NT 6.1.7601 SP1 x86_64)", ""]}}, {"keyword": "Then", "step_type": "then", "name": "the application should enter accounts page", "location": "features/login.feature:9"}], "status": "failed"}]}
]
